<?xml version="1.0" encoding="UTF-8"?>
<!-- Generated by org.testng.reporters.JUnitReportReporter -->
<testsuite skipped="0" hostname="HXCNITLT25" name="steps.HometestSteps" tests="2" failures="0" timestamp="18 Oct 2017 16:05:44 GMT" time="17.982" errors="0">
  <testcase name="Testcase2" time="8.230" classname="steps.HometestSteps"/>
  <testcase name="Testcase1" time="9.752" classname="steps.HometestSteps"/>
</testsuite> <!-- steps.HometestSteps -->
