<?xml version="1.0" encoding="UTF-8"?>
<!-- Generated by org.testng.reporters.JUnitReportReporter -->
<testsuite skipped="0" hostname="HXCNITLT25" name="steps.HometestSteps" tests="2" failures="0" timestamp="17 Oct 2017 20:36:31 GMT" time="19.216" errors="0">
  <testcase name="Testcase1" time="8.998" classname="steps.HometestSteps"/>
  <testcase name="Testcase2" time="10.218" classname="steps.HometestSteps"/>
</testsuite> <!-- steps.HometestSteps -->
